android/app/build/intermediates/manifest_merge_blame_file/debug/manifest-merger-blame-debug-report.txt
1<?xml version="1.0" encoding="utf-8"?>
2<manifest xmlns:android="http://schemas.android.com/apk/res/android"
3    package="com.example.extract_text"
4    android:versionCode="1"
5    android:versionName="1.0.0" >
6
7    <uses-sdk
8        android:minSdkVersion="21"
9        android:targetSdkVersion="31" />
10    <!--
11         The INTERNET permission is required for development. Specifically,
12         the Flutter tool needs it to communicate with the running application
13         to allow setting breakpoints, to provide hot reload, etc.
14    -->
15    <uses-permission android:name="android.permission.INTERNET" />
15-->src\debug\AndroidManifest.xml:6:5-66
15-->src\debug\AndroidManifest.xml:6:22-64
16    <uses-permission android:name="android.permission.CAMERA" />
16-->src\main\AndroidManifest.xml:3:1-61
16-->src\main\AndroidManifest.xml:3:18-58
17    <uses-permission android:name="android.permission.READ_EXTERNAL_STORAGE" />
17-->src\main\AndroidManifest.xml:4:1-76
17-->src\main\AndroidManifest.xml:4:18-73
18    <uses-permission
18-->src\main\AndroidManifest.xml:5:1-77
19        android:name="android.permission.WRITE_EXTERNAL_STORAGE"
19-->src\main\AndroidManifest.xml:5:18-74
20        android:maxSdkVersion="28" />
20-->[:camera_android_camerax] AndroidManifest.xml:13:9-35
21    <!--
22 Required to query activities that can process text, see:
23         https://developer.android.com/training/package-visibility and
24         https://developer.android.com/reference/android/content/Intent#ACTION_PROCESS_TEXT.
25
26         In particular, this is used by the Flutter engine in io.flutter.plugin.text.ProcessTextPlugin.
27    -->
28    <queries>
28-->src\main\AndroidManifest.xml:44:5-49:15
29        <intent>
29-->src\main\AndroidManifest.xml:45:9-48:18
30            <action android:name="android.intent.action.PROCESS_TEXT" />
30-->src\main\AndroidManifest.xml:46:13-72
30-->src\main\AndroidManifest.xml:46:21-70
31
32            <data android:mimeType="text/plain" />
32-->src\main\AndroidManifest.xml:47:13-50
32-->src\main\AndroidManifest.xml:47:19-48
33        </intent>
34    </queries>
35
36    <uses-feature android:name="android.hardware.camera.any" />
36-->[:camera_android_camerax] AndroidManifest.xml:7:5-64
36-->[:camera_android_camerax] AndroidManifest.xml:7:19-61
37
38    <uses-permission android:name="android.permission.RECORD_AUDIO" /> <!-- For downloading -->
38-->[:camera_android_camerax] AndroidManifest.xml:10:5-71
38-->[:camera_android_camerax] AndroidManifest.xml:10:22-68
39    <uses-permission android:name="android.permission.ACCESS_NETWORK_STATE" />
39-->[com.google.mlkit:digital-ink-recognition:18.1.0] AndroidManifest.xml:8:5-79
39-->[com.google.mlkit:digital-ink-recognition:18.1.0] AndroidManifest.xml:8:22-76
40    <uses-permission android:name="android.permission.WAKE_LOCK" /> <!-- Required by older versions of Google Play services to create IID tokens -->
40-->[com.google.firebase:firebase-iid:20.1.5] AndroidManifest.xml:24:5-68
40-->[com.google.firebase:firebase-iid:20.1.5] AndroidManifest.xml:24:22-65
41    <uses-permission android:name="com.google.android.c2dm.permission.RECEIVE" />
41-->[com.google.firebase:firebase-iid:20.1.5] AndroidManifest.xml:26:5-82
41-->[com.google.firebase:firebase-iid:20.1.5] AndroidManifest.xml:26:22-79
42    <uses-permission android:name="android.permission.RECEIVE_BOOT_COMPLETED" />
42-->[androidx.work:work-runtime:2.7.0] AndroidManifest.xml:27:5-81
42-->[androidx.work:work-runtime:2.7.0] AndroidManifest.xml:27:22-78
43    <uses-permission android:name="android.permission.FOREGROUND_SERVICE" />
43-->[androidx.work:work-runtime:2.7.0] AndroidManifest.xml:28:5-77
43-->[androidx.work:work-runtime:2.7.0] AndroidManifest.xml:28:22-74
44
45    <permission
45-->[androidx.core:core:1.13.1] AndroidManifest.xml:22:5-24:47
46        android:name="com.example.extract_text.DYNAMIC_RECEIVER_NOT_EXPORTED_PERMISSION"
46-->[androidx.core:core:1.13.1] AndroidManifest.xml:23:9-81
47        android:protectionLevel="signature" />
47-->[androidx.core:core:1.13.1] AndroidManifest.xml:24:9-44
48
49    <uses-permission android:name="com.example.extract_text.DYNAMIC_RECEIVER_NOT_EXPORTED_PERMISSION" />
49-->[androidx.core:core:1.13.1] AndroidManifest.xml:26:5-97
49-->[androidx.core:core:1.13.1] AndroidManifest.xml:26:22-94
50
51    <application
52        android:name="android.app.Application"
53        android:appComponentFactory="androidx.core.app.CoreComponentFactory"
53-->[androidx.core:core:1.13.1] AndroidManifest.xml:28:18-86
54        android:debuggable="true"
55        android:extractNativeLibs="true"
56        android:icon="@mipmap/ic_launcher"
57        android:label="extract_text" >
58        <activity
59            android:name="com.example.vehicle_scanner.MainActivity"
60            android:configChanges="orientation|keyboardHidden|keyboard|screenSize|smallestScreenSize|locale|layoutDirection|fontScale|screenLayout|density|uiMode"
61            android:exported="true"
62            android:hardwareAccelerated="true"
63            android:launchMode="singleTop"
64            android:taskAffinity=""
65            android:theme="@style/LaunchTheme"
66            android:windowSoftInputMode="adjustResize" >
67
68            <!--
69                 Specifies an Android theme to apply to this Activity as soon as
70                 the Android process has started. This theme is visible to the user
71                 while the Flutter UI initializes. After that, this theme continues
72                 to determine the Window background behind the Flutter UI.
73            -->
74            <meta-data
75                android:name="io.flutter.embedding.android.NormalTheme"
76                android:resource="@style/NormalTheme" />
77
78            <intent-filter>
79                <action android:name="android.intent.action.MAIN" />
80
81                <category android:name="android.intent.category.LAUNCHER" />
82            </intent-filter>
83        </activity>
84        <!--
85             Don't delete the meta-data below.
86             This is used by the Flutter tool to generate GeneratedPluginRegistrant.java
87        -->
88        <meta-data
89            android:name="flutterEmbedding"
90            android:value="2" />
91
92        <service
92-->[androidx.camera:camera-camera2:1.3.4] AndroidManifest.xml:24:9-33:19
93            android:name="androidx.camera.core.impl.MetadataHolderService"
93-->[androidx.camera:camera-camera2:1.3.4] AndroidManifest.xml:25:13-75
94            android:enabled="false"
94-->[androidx.camera:camera-camera2:1.3.4] AndroidManifest.xml:26:13-36
95            android:exported="false" >
95-->[androidx.camera:camera-camera2:1.3.4] AndroidManifest.xml:27:13-37
96            <meta-data
96-->[androidx.camera:camera-camera2:1.3.4] AndroidManifest.xml:30:13-32:89
97                android:name="androidx.camera.core.impl.MetadataHolderService.DEFAULT_CONFIG_PROVIDER"
97-->[androidx.camera:camera-camera2:1.3.4] AndroidManifest.xml:31:17-103
98                android:value="androidx.camera.camera2.Camera2Config$DefaultProvider" />
98-->[androidx.camera:camera-camera2:1.3.4] AndroidManifest.xml:32:17-86
99        </service>
100        <service
100-->[com.google.mlkit:digital-ink-recognition:18.1.0] AndroidManifest.xml:12:9-18:19
101            android:name="com.google.mlkit.common.internal.MlKitComponentDiscoveryService"
101-->[com.google.mlkit:digital-ink-recognition:18.1.0] AndroidManifest.xml:13:13-91
102            android:directBootAware="true"
102-->[com.google.mlkit:common:18.11.0] AndroidManifest.xml:17:13-43
103            android:exported="false" >
103-->[com.google.mlkit:digital-ink-recognition:18.1.0] AndroidManifest.xml:14:13-37
104            <meta-data
104-->[com.google.mlkit:digital-ink-recognition:18.1.0] AndroidManifest.xml:15:13-17:85
105                android:name="com.google.firebase.components:com.google.mlkit.vision.digitalink.internal.DigitalInkRecognitionRegistrar"
105-->[com.google.mlkit:digital-ink-recognition:18.1.0] AndroidManifest.xml:16:17-137
106                android:value="com.google.firebase.components.ComponentRegistrar" />
106-->[com.google.mlkit:digital-ink-recognition:18.1.0] AndroidManifest.xml:17:17-82
107            <meta-data
107-->[com.google.mlkit:entity-extraction:16.0.0-beta5] AndroidManifest.xml:14:13-16:85
108                android:name="com.google.firebase.components:com.google.mlkit.nl.entityextraction.internal.EntityExtractionComponentRegistrar"
108-->[com.google.mlkit:entity-extraction:16.0.0-beta5] AndroidManifest.xml:15:17-143
109                android:value="com.google.firebase.components.ComponentRegistrar" />
109-->[com.google.mlkit:entity-extraction:16.0.0-beta5] AndroidManifest.xml:16:17-82
110            <meta-data
110-->[com.google.mlkit:face-mesh-detection:16.0.0-beta2] AndroidManifest.xml:11:13-13:85
111                android:name="com.google.firebase.components:com.google.mlkit.vision.facemesh.internal.FaceMeshRegistrar"
111-->[com.google.mlkit:face-mesh-detection:16.0.0-beta2] AndroidManifest.xml:12:17-122
112                android:value="com.google.firebase.components.ComponentRegistrar" />
112-->[com.google.mlkit:face-mesh-detection:16.0.0-beta2] AndroidManifest.xml:13:17-82
113            <meta-data
113-->[com.google.mlkit:image-labeling:17.0.9] AndroidManifest.xml:11:13-13:85
114                android:name="com.google.firebase.components:com.google.mlkit.vision.label.defaults.internal.BundledLabelRegistrar"
114-->[com.google.mlkit:image-labeling:17.0.9] AndroidManifest.xml:12:17-132
115                android:value="com.google.firebase.components.ComponentRegistrar" />
115-->[com.google.mlkit:image-labeling:17.0.9] AndroidManifest.xml:13:17-82
116            <meta-data
116-->[com.google.mlkit:image-labeling-custom:17.0.3] AndroidManifest.xml:11:13-13:85
117                android:name="com.google.firebase.components:com.google.mlkit.vision.label.custom.internal.CustomLabelRegistrar"
117-->[com.google.mlkit:image-labeling-custom:17.0.3] AndroidManifest.xml:12:17-129
118                android:value="com.google.firebase.components.ComponentRegistrar" />
118-->[com.google.mlkit:image-labeling-custom:17.0.3] AndroidManifest.xml:13:17-82
119            <meta-data
119-->[com.google.mlkit:object-detection:17.0.2] AndroidManifest.xml:14:13-16:85
120                android:name="com.google.firebase.components:com.google.mlkit.vision.objects.defaults.internal.DefaultObjectsRegistrar"
120-->[com.google.mlkit:object-detection:17.0.2] AndroidManifest.xml:15:17-136
121                android:value="com.google.firebase.components.ComponentRegistrar" />
121-->[com.google.mlkit:object-detection:17.0.2] AndroidManifest.xml:16:17-82
122            <meta-data
122-->[com.google.mlkit:object-detection-custom:17.0.2] AndroidManifest.xml:11:13-13:85
123                android:name="com.google.firebase.components:com.google.mlkit.vision.objects.custom.internal.CustomObjectsRegistrar"
123-->[com.google.mlkit:object-detection-custom:17.0.2] AndroidManifest.xml:12:17-133
124                android:value="com.google.firebase.components.ComponentRegistrar" />
124-->[com.google.mlkit:object-detection-custom:17.0.2] AndroidManifest.xml:13:17-82
125            <meta-data
125-->[com.google.mlkit:segmentation-selfie:16.0.0-beta6] AndroidManifest.xml:12:13-14:85
126                android:name="com.google.firebase.components:com.google.mlkit.vision.segmentation.internal.SegmentationRegistrar"
126-->[com.google.mlkit:segmentation-selfie:16.0.0-beta6] AndroidManifest.xml:13:17-130
127                android:value="com.google.firebase.components.ComponentRegistrar" />
127-->[com.google.mlkit:segmentation-selfie:16.0.0-beta6] AndroidManifest.xml:14:17-82
128            <meta-data
128-->[com.google.android.gms:play-services-mlkit-barcode-scanning:18.3.1] AndroidManifest.xml:12:13-14:85
129                android:name="com.google.firebase.components:com.google.mlkit.vision.barcode.internal.BarcodeRegistrar"
129-->[com.google.android.gms:play-services-mlkit-barcode-scanning:18.3.1] AndroidManifest.xml:13:17-120
130                android:value="com.google.firebase.components.ComponentRegistrar" />
130-->[com.google.android.gms:play-services-mlkit-barcode-scanning:18.3.1] AndroidManifest.xml:14:17-82
131            <meta-data
131-->[com.google.android.gms:play-services-mlkit-face-detection:17.1.0] AndroidManifest.xml:12:13-14:85
132                android:name="com.google.firebase.components:com.google.mlkit.vision.face.internal.FaceRegistrar"
132-->[com.google.android.gms:play-services-mlkit-face-detection:17.1.0] AndroidManifest.xml:13:17-114
133                android:value="com.google.firebase.components.ComponentRegistrar" />
133-->[com.google.android.gms:play-services-mlkit-face-detection:17.1.0] AndroidManifest.xml:14:17-82
134            <meta-data
134-->[com.google.mlkit:vision-internal-vkp:18.2.3] AndroidManifest.xml:14:13-16:85
135                android:name="com.google.firebase.components:com.google.mlkit.vision.vkp.VkpRegistrar"
135-->[com.google.mlkit:vision-internal-vkp:18.2.3] AndroidManifest.xml:15:17-103
136                android:value="com.google.firebase.components.ComponentRegistrar" />
136-->[com.google.mlkit:vision-internal-vkp:18.2.3] AndroidManifest.xml:16:17-82
137            <meta-data
137-->[com.google.mlkit:pose-detection-common:18.0.0-beta5] AndroidManifest.xml:29:13-31:85
138                android:name="com.google.firebase.components:com.google.mlkit.vision.pose.internal.PoseRegistrar"
138-->[com.google.mlkit:pose-detection-common:18.0.0-beta5] AndroidManifest.xml:30:17-114
139                android:value="com.google.firebase.components.ComponentRegistrar" />
139-->[com.google.mlkit:pose-detection-common:18.0.0-beta5] AndroidManifest.xml:31:17-82
140            <meta-data
140-->[com.google.android.gms:play-services-mlkit-text-recognition-common:19.1.0] AndroidManifest.xml:12:13-14:85
141                android:name="com.google.firebase.components:com.google.mlkit.vision.text.internal.TextRegistrar"
141-->[com.google.android.gms:play-services-mlkit-text-recognition-common:19.1.0] AndroidManifest.xml:13:17-114
142                android:value="com.google.firebase.components.ComponentRegistrar" />
142-->[com.google.android.gms:play-services-mlkit-text-recognition-common:19.1.0] AndroidManifest.xml:14:17-82
143            <meta-data
143-->[com.google.mlkit:vision-common:17.3.0] AndroidManifest.xml:12:13-14:85
144                android:name="com.google.firebase.components:com.google.mlkit.vision.common.internal.VisionCommonRegistrar"
144-->[com.google.mlkit:vision-common:17.3.0] AndroidManifest.xml:13:17-124
145                android:value="com.google.firebase.components.ComponentRegistrar" />
145-->[com.google.mlkit:vision-common:17.3.0] AndroidManifest.xml:14:17-82
146            <meta-data
146-->[com.google.mlkit:linkfirebase:17.0.0] AndroidManifest.xml:12:13-14:85
147                android:name="com.google.firebase.components:com.google.mlkit.linkfirebase.internal.LinkFirebaseComponentRegistrar"
147-->[com.google.mlkit:linkfirebase:17.0.0] AndroidManifest.xml:13:17-132
148                android:value="com.google.firebase.components.ComponentRegistrar" />
148-->[com.google.mlkit:linkfirebase:17.0.0] AndroidManifest.xml:14:17-82
149            <meta-data
149-->[com.google.mlkit:smart-reply:17.0.4] AndroidManifest.xml:26:13-28:85
150                android:name="com.google.firebase.components:com.google.mlkit.nl.smartreply.bundled.internal.ThickSmartReplyRegistrar"
150-->[com.google.mlkit:smart-reply:17.0.4] AndroidManifest.xml:27:17-135
151                android:value="com.google.firebase.components.ComponentRegistrar" />
151-->[com.google.mlkit:smart-reply:17.0.4] AndroidManifest.xml:28:17-82
152            <meta-data
152-->[com.google.mlkit:language-id:17.0.6] AndroidManifest.xml:11:13-13:85
153                android:name="com.google.firebase.components:com.google.mlkit.nl.languageid.bundled.internal.ThickLanguageIdRegistrar"
153-->[com.google.mlkit:language-id:17.0.6] AndroidManifest.xml:12:17-135
154                android:value="com.google.firebase.components.ComponentRegistrar" />
154-->[com.google.mlkit:language-id:17.0.6] AndroidManifest.xml:13:17-82
155            <meta-data
155-->[com.google.mlkit:translate:17.0.3] AndroidManifest.xml:14:13-16:85
156                android:name="com.google.firebase.components:com.google.mlkit.nl.translate.NaturalLanguageTranslateRegistrar"
156-->[com.google.mlkit:translate:17.0.3] AndroidManifest.xml:15:17-126
157                android:value="com.google.firebase.components.ComponentRegistrar" />
157-->[com.google.mlkit:translate:17.0.3] AndroidManifest.xml:16:17-82
158            <meta-data
158-->[com.google.mlkit:smart-reply-common:16.1.0] AndroidManifest.xml:26:13-28:85
159                android:name="com.google.firebase.components:com.google.mlkit.nl.smartreply.internal.SmartReplyRegistrar"
159-->[com.google.mlkit:smart-reply-common:16.1.0] AndroidManifest.xml:27:17-122
160                android:value="com.google.firebase.components.ComponentRegistrar" />
160-->[com.google.mlkit:smart-reply-common:16.1.0] AndroidManifest.xml:28:17-82
161            <meta-data
161-->[com.google.mlkit:language-id-common:16.1.0] AndroidManifest.xml:26:13-28:85
162                android:name="com.google.firebase.components:com.google.mlkit.nl.languageid.internal.LanguageIdRegistrar"
162-->[com.google.mlkit:language-id-common:16.1.0] AndroidManifest.xml:27:17-122
163                android:value="com.google.firebase.components.ComponentRegistrar" />
163-->[com.google.mlkit:language-id-common:16.1.0] AndroidManifest.xml:28:17-82
164            <meta-data
164-->[com.google.mlkit:common:18.11.0] AndroidManifest.xml:20:13-22:85
165                android:name="com.google.firebase.components:com.google.mlkit.common.internal.CommonComponentRegistrar"
165-->[com.google.mlkit:common:18.11.0] AndroidManifest.xml:21:17-120
166                android:value="com.google.firebase.components.ComponentRegistrar" />
166-->[com.google.mlkit:common:18.11.0] AndroidManifest.xml:22:17-82
167        </service>
168        <!--
169             Required for ML Kit Pose Detection GPU acceleration. Applications that target Android
170             S+ require explicit declaration of any referenced vendor-provided libraries.
171        -->
172        <uses-native-library
172-->[com.google.mlkit:pose-detection-common:18.0.0-beta5] AndroidManifest.xml:16:9-18:40
173            android:name="libOpenCL.so"
173-->[com.google.mlkit:pose-detection-common:18.0.0-beta5] AndroidManifest.xml:17:13-40
174            android:required="false" />
174-->[com.google.mlkit:pose-detection-common:18.0.0-beta5] AndroidManifest.xml:18:13-37
175        <uses-native-library
175-->[com.google.mlkit:pose-detection-common:18.0.0-beta5] AndroidManifest.xml:16:9-18:40
176            android:name="libOpenCL-car.so"
176-->[com.google.mlkit:pose-detection-common:18.0.0-beta5] AndroidManifest.xml:17:13-40
177            android:required="false" />
177-->[com.google.mlkit:pose-detection-common:18.0.0-beta5] AndroidManifest.xml:18:13-37
178        <uses-native-library
178-->[com.google.mlkit:pose-detection-common:18.0.0-beta5] AndroidManifest.xml:16:9-18:40
179            android:name="libOpenCL-pixel.so"
179-->[com.google.mlkit:pose-detection-common:18.0.0-beta5] AndroidManifest.xml:17:13-40
180            android:required="false" />
180-->[com.google.mlkit:pose-detection-common:18.0.0-beta5] AndroidManifest.xml:18:13-37
181
182        <provider
182-->[com.google.mlkit:common:18.11.0] AndroidManifest.xml:9:9-13:38
183            android:name="com.google.mlkit.common.internal.MlKitInitProvider"
183-->[com.google.mlkit:common:18.11.0] AndroidManifest.xml:10:13-78
184            android:authorities="com.example.extract_text.mlkitinitprovider"
184-->[com.google.mlkit:common:18.11.0] AndroidManifest.xml:11:13-69
185            android:exported="false"
185-->[com.google.mlkit:common:18.11.0] AndroidManifest.xml:12:13-37
186            android:initOrder="99" />
186-->[com.google.mlkit:common:18.11.0] AndroidManifest.xml:13:13-35
187
188        <service
188-->[com.google.firebase:firebase-iid:20.1.5] AndroidManifest.xml:29:9-35:19
189            android:name="com.google.firebase.components.ComponentDiscoveryService"
189-->[com.google.firebase:firebase-iid:20.1.5] AndroidManifest.xml:30:13-84
190            android:directBootAware="true"
190-->[com.google.firebase:firebase-common:19.3.0] AndroidManifest.xml:34:13-43
191            android:exported="false" >
191-->[com.google.firebase:firebase-iid:20.1.5] AndroidManifest.xml:31:13-37
192            <meta-data
192-->[com.google.firebase:firebase-iid:20.1.5] AndroidManifest.xml:32:13-34:85
193                android:name="com.google.firebase.components:com.google.firebase.iid.Registrar"
193-->[com.google.firebase:firebase-iid:20.1.5] AndroidManifest.xml:33:17-96
194                android:value="com.google.firebase.components.ComponentRegistrar" />
194-->[com.google.firebase:firebase-iid:20.1.5] AndroidManifest.xml:34:17-82
195            <meta-data
195-->[com.google.firebase:firebase-installations:16.2.1] AndroidManifest.xml:17:13-19:85
196                android:name="com.google.firebase.components:com.google.firebase.installations.FirebaseInstallationsRegistrar"
196-->[com.google.firebase:firebase-installations:16.2.1] AndroidManifest.xml:18:17-127
197                android:value="com.google.firebase.components.ComponentRegistrar" />
197-->[com.google.firebase:firebase-installations:16.2.1] AndroidManifest.xml:19:17-82
198        </service>
199
200        <receiver
200-->[com.google.firebase:firebase-iid:20.1.5] AndroidManifest.xml:37:9-44:20
201            android:name="com.google.firebase.iid.FirebaseInstanceIdReceiver"
201-->[com.google.firebase:firebase-iid:20.1.5] AndroidManifest.xml:38:13-78
202            android:exported="true"
202-->[com.google.firebase:firebase-iid:20.1.5] AndroidManifest.xml:39:13-36
203            android:permission="com.google.android.c2dm.permission.SEND" >
203-->[com.google.firebase:firebase-iid:20.1.5] AndroidManifest.xml:40:13-73
204            <intent-filter>
204-->[com.google.firebase:firebase-iid:20.1.5] AndroidManifest.xml:41:13-43:29
205                <action android:name="com.google.android.c2dm.intent.RECEIVE" />
205-->[com.google.firebase:firebase-iid:20.1.5] AndroidManifest.xml:42:17-81
205-->[com.google.firebase:firebase-iid:20.1.5] AndroidManifest.xml:42:25-78
206            </intent-filter>
207        </receiver>
208
209        <service
209-->[com.google.mlkit:acceleration:16.0.0-beta2] AndroidManifest.xml:8:9-11:68
210            android:name="com.google.mlkit.acceleration.internal.MlKitRemoteWorkerService"
210-->[com.google.mlkit:acceleration:16.0.0-beta2] AndroidManifest.xml:9:13-91
211            android:exported="false"
211-->[com.google.mlkit:acceleration:16.0.0-beta2] AndroidManifest.xml:10:13-37
212            android:process=":mlkit_acceleration_mini_benchmark" />
212-->[com.google.mlkit:acceleration:16.0.0-beta2] AndroidManifest.xml:11:13-65
213
214        <activity
214-->[com.google.android.gms:play-services-base:18.5.0] AndroidManifest.xml:5:9-173
215            android:name="com.google.android.gms.common.api.GoogleApiActivity"
215-->[com.google.android.gms:play-services-base:18.5.0] AndroidManifest.xml:5:19-85
216            android:exported="false"
216-->[com.google.android.gms:play-services-base:18.5.0] AndroidManifest.xml:5:146-170
217            android:theme="@android:style/Theme.Translucent.NoTitleBar" />
217-->[com.google.android.gms:play-services-base:18.5.0] AndroidManifest.xml:5:86-145
218
219        <provider
219-->[com.google.firebase:firebase-common:19.3.0] AndroidManifest.xml:26:9-30:39
220            android:name="com.google.firebase.provider.FirebaseInitProvider"
220-->[com.google.firebase:firebase-common:19.3.0] AndroidManifest.xml:27:13-77
221            android:authorities="com.example.extract_text.firebaseinitprovider"
221-->[com.google.firebase:firebase-common:19.3.0] AndroidManifest.xml:28:13-72
222            android:exported="false"
222-->[com.google.firebase:firebase-common:19.3.0] AndroidManifest.xml:29:13-37
223            android:initOrder="100" />
223-->[com.google.firebase:firebase-common:19.3.0] AndroidManifest.xml:30:13-36
224
225        <meta-data
225-->[com.google.android.gms:play-services-basement:18.4.0] AndroidManifest.xml:6:9-122
226            android:name="com.google.android.gms.version"
226-->[com.google.android.gms:play-services-basement:18.4.0] AndroidManifest.xml:6:20-65
227            android:value="@integer/google_play_services_version" />
227-->[com.google.android.gms:play-services-basement:18.4.0] AndroidManifest.xml:6:66-119
228
229        <uses-library
229-->[androidx.window:window:1.2.0] AndroidManifest.xml:23:9-25:40
230            android:name="androidx.window.extensions"
230-->[androidx.window:window:1.2.0] AndroidManifest.xml:24:13-54
231            android:required="false" />
231-->[androidx.window:window:1.2.0] AndroidManifest.xml:25:13-37
232        <uses-library
232-->[androidx.window:window:1.2.0] AndroidManifest.xml:26:9-28:40
233            android:name="androidx.window.sidecar"
233-->[androidx.window:window:1.2.0] AndroidManifest.xml:27:13-51
234            android:required="false" />
234-->[androidx.window:window:1.2.0] AndroidManifest.xml:28:13-37
235
236        <service
236-->[androidx.work:work-multiprocess:2.7.0] AndroidManifest.xml:25:9-27:40
237            android:name="androidx.work.multiprocess.RemoteWorkManagerService"
237-->[androidx.work:work-multiprocess:2.7.0] AndroidManifest.xml:26:13-79
238            android:exported="false" />
238-->[androidx.work:work-multiprocess:2.7.0] AndroidManifest.xml:27:13-37
239
240        <provider
240-->[androidx.work:work-runtime:2.7.0] AndroidManifest.xml:31:9-39:20
241            android:name="androidx.startup.InitializationProvider"
241-->[androidx.work:work-runtime:2.7.0] AndroidManifest.xml:32:13-67
242            android:authorities="com.example.extract_text.androidx-startup"
242-->[androidx.work:work-runtime:2.7.0] AndroidManifest.xml:33:13-68
243            android:exported="false" >
243-->[androidx.work:work-runtime:2.7.0] AndroidManifest.xml:34:13-37
244            <meta-data
244-->[androidx.work:work-runtime:2.7.0] AndroidManifest.xml:36:13-38:52
245                android:name="androidx.work.WorkManagerInitializer"
245-->[androidx.work:work-runtime:2.7.0] AndroidManifest.xml:37:17-68
246                android:value="androidx.startup" />
246-->[androidx.work:work-runtime:2.7.0] AndroidManifest.xml:38:17-49
247            <meta-data
247-->[androidx.emoji2:emoji2:1.2.0] AndroidManifest.xml:29:13-31:52
248                android:name="androidx.emoji2.text.EmojiCompatInitializer"
248-->[androidx.emoji2:emoji2:1.2.0] AndroidManifest.xml:30:17-75
249                android:value="androidx.startup" />
249-->[androidx.emoji2:emoji2:1.2.0] AndroidManifest.xml:31:17-49
250            <meta-data
250-->[androidx.lifecycle:lifecycle-process:2.7.0] AndroidManifest.xml:29:13-31:52
251                android:name="androidx.lifecycle.ProcessLifecycleInitializer"
251-->[androidx.lifecycle:lifecycle-process:2.7.0] AndroidManifest.xml:30:17-78
252                android:value="androidx.startup" />
252-->[androidx.lifecycle:lifecycle-process:2.7.0] AndroidManifest.xml:31:17-49
253            <meta-data
253-->[androidx.profileinstaller:profileinstaller:1.3.1] AndroidManifest.xml:29:13-31:52
254                android:name="androidx.profileinstaller.ProfileInstallerInitializer"
254-->[androidx.profileinstaller:profileinstaller:1.3.1] AndroidManifest.xml:30:17-85
255                android:value="androidx.startup" />
255-->[androidx.profileinstaller:profileinstaller:1.3.1] AndroidManifest.xml:31:17-49
256        </provider>
257
258        <service
258-->[androidx.work:work-runtime:2.7.0] AndroidManifest.xml:41:9-46:35
259            android:name="androidx.work.impl.background.systemalarm.SystemAlarmService"
259-->[androidx.work:work-runtime:2.7.0] AndroidManifest.xml:42:13-88
260            android:directBootAware="false"
260-->[androidx.work:work-runtime:2.7.0] AndroidManifest.xml:43:13-44
261            android:enabled="@bool/enable_system_alarm_service_default"
261-->[androidx.work:work-runtime:2.7.0] AndroidManifest.xml:44:13-72
262            android:exported="false" />
262-->[androidx.work:work-runtime:2.7.0] AndroidManifest.xml:45:13-37
263        <service
263-->[androidx.work:work-runtime:2.7.0] AndroidManifest.xml:47:9-53:35
264            android:name="androidx.work.impl.background.systemjob.SystemJobService"
264-->[androidx.work:work-runtime:2.7.0] AndroidManifest.xml:48:13-84
265            android:directBootAware="false"
265-->[androidx.work:work-runtime:2.7.0] AndroidManifest.xml:49:13-44
266            android:enabled="@bool/enable_system_job_service_default"
266-->[androidx.work:work-runtime:2.7.0] AndroidManifest.xml:50:13-70
267            android:exported="true"
267-->[androidx.work:work-runtime:2.7.0] AndroidManifest.xml:51:13-36
268            android:permission="android.permission.BIND_JOB_SERVICE" />
268-->[androidx.work:work-runtime:2.7.0] AndroidManifest.xml:52:13-69
269        <service
269-->[androidx.work:work-runtime:2.7.0] AndroidManifest.xml:54:9-59:35
270            android:name="androidx.work.impl.foreground.SystemForegroundService"
270-->[androidx.work:work-runtime:2.7.0] AndroidManifest.xml:55:13-81
271            android:directBootAware="false"
271-->[androidx.work:work-runtime:2.7.0] AndroidManifest.xml:56:13-44
272            android:enabled="@bool/enable_system_foreground_service_default"
272-->[androidx.work:work-runtime:2.7.0] AndroidManifest.xml:57:13-77
273            android:exported="false" />
273-->[androidx.work:work-runtime:2.7.0] AndroidManifest.xml:58:13-37
274
275        <receiver